[1026/210323.481:WARNING:spdy_session.cc(3431)] Received HEADERS for invalid stream 1
[1026/210335.273:WARNING:used_ids.h(55)] Duplicate id found. Reassigning from 104 to 127
[1026/210335.273:WARNING:used_ids.h(55)] Duplicate id found. Reassigning from 102 to 125
[1026/210335.273:WARNING:used_ids.h(55)] Duplicate id found. Reassigning from 104 to 124
[1026/210335.273:WARNING:used_ids.h(55)] Duplicate id found. Reassigning from 106 to 123
[1026/210335.273:WARNING:used_ids.h(55)] Duplicate id found. Reassigning from 110 to 122
[1026/210335.274:WARNING:used_ids.h(55)] Duplicate id found. Reassigning from 103 to 121
[1026/210335.274:WARNING:used_ids.h(55)] Duplicate id found. Reassigning from 105 to 120
[1026/210335.274:WARNING:used_ids.h(55)] Duplicate id found. Reassigning from 111 to 119
[1026/210335.274:WARNING:used_ids.h(55)] Duplicate id found. Reassigning from 1 to 14
[1026/210335.274:WARNING:used_ids.h(55)] Duplicate id found. Reassigning from 3 to 13
[1026/210335.274:WARNING:used_ids.h(55)] Duplicate id found. Reassigning from 5 to 12
[1026/210335.274:WARNING:used_ids.h(55)] Duplicate id found. Reassigning from 6 to 11
[1026/210335.275:ERROR:audio_rtp_receiver.cc(88)] AudioRtpReceiver::OnSetVolume: No audio channel exists.
[1026/210344.158:WARNING:used_ids.h(55)] Duplicate id found. Reassigning from 104 to 127
[1026/210344.158:WARNING:used_ids.h(55)] Duplicate id found. Reassigning from 102 to 125
[1026/210344.158:WARNING:used_ids.h(55)] Duplicate id found. Reassigning from 104 to 124
[1026/210344.158:WARNING:used_ids.h(55)] Duplicate id found. Reassigning from 106 to 123
[1026/210344.158:WARNING:used_ids.h(55)] Duplicate id found. Reassigning from 110 to 122
[1026/210344.158:WARNING:used_ids.h(55)] Duplicate id found. Reassigning from 103 to 121
[1026/210344.158:WARNING:used_ids.h(55)] Duplicate id found. Reassigning from 105 to 120
[1026/210344.158:WARNING:used_ids.h(55)] Duplicate id found. Reassigning from 111 to 119
[1026/210344.158:WARNING:used_ids.h(55)] Duplicate id found. Reassigning from 1 to 14
[1026/210344.158:WARNING:used_ids.h(55)] Duplicate id found. Reassigning from 3 to 13
[1026/210344.158:WARNING:used_ids.h(55)] Duplicate id found. Reassigning from 5 to 12
[1026/210344.158:WARNING:used_ids.h(55)] Duplicate id found. Reassigning from 6 to 11
[1026/210344.158:ERROR:audio_rtp_receiver.cc(88)] AudioRtpReceiver::OnSetVolume: No audio channel exists.
[1026/210357.285:WARNING:used_ids.h(55)] Duplicate id found. Reassigning from 104 to 127
[1026/210357.285:WARNING:used_ids.h(55)] Duplicate id found. Reassigning from 102 to 125
[1026/210357.285:WARNING:used_ids.h(55)] Duplicate id found. Reassigning from 104 to 124
[1026/210357.285:WARNING:used_ids.h(55)] Duplicate id found. Reassigning from 106 to 123
[1026/210357.285:WARNING:used_ids.h(55)] Duplicate id found. Reassigning from 110 to 122
[1026/210357.285:WARNING:used_ids.h(55)] Duplicate id found. Reassigning from 103 to 121
[1026/210357.285:WARNING:used_ids.h(55)] Duplicate id found. Reassigning from 105 to 120
[1026/210357.285:WARNING:used_ids.h(55)] Duplicate id found. Reassigning from 111 to 119
[1026/210357.285:WARNING:used_ids.h(55)] Duplicate id found. Reassigning from 1 to 14
[1026/210357.285:WARNING:used_ids.h(55)] Duplicate id found. Reassigning from 3 to 13
[1026/210357.285:WARNING:used_ids.h(55)] Duplicate id found. Reassigning from 5 to 12
[1026/210357.285:WARNING:used_ids.h(55)] Duplicate id found. Reassigning from 6 to 11
[1026/210357.285:ERROR:audio_rtp_receiver.cc(88)] AudioRtpReceiver::OnSetVolume: No audio channel exists.
[1026/210358.354:ERROR:ssl_client_socket_impl.cc(947)] handshake failed; returned -1, SSL error code 1, net_error -101
[1026/210358.369:ERROR:ssl_client_socket_impl.cc(947)] handshake failed; returned -1, SSL error code 1, net_error -101
[1026/210359.181:ERROR:ssl_client_socket_impl.cc(947)] handshake failed; returned -1, SSL error code 1, net_error -101
[1026/210409.047:ERROR:ssl_client_socket_impl.cc(947)] handshake failed; returned -1, SSL error code 1, net_error -101
[1026/210409.092:ERROR:ssl_client_socket_impl.cc(947)] handshake failed; returned -1, SSL error code 1, net_error -101
[1026/210411.546:ERROR:ssl_client_socket_impl.cc(947)] handshake failed; returned -1, SSL error code 1, net_error -101
[1026/210417.567:ERROR:ssl_client_socket_impl.cc(947)] handshake failed; returned -1, SSL error code 1, net_error -101
[1026/210417.583:ERROR:ssl_client_socket_impl.cc(947)] handshake failed; returned -1, SSL error code 1, net_error -101
[1026/210418.405:ERROR:ssl_client_socket_impl.cc(947)] handshake failed; returned -1, SSL error code 1, net_error -101
[1026/210423.284:ERROR:ssl_client_socket_impl.cc(947)] handshake failed; returned -1, SSL error code 1, net_error -101
[1026/210423.349:ERROR:ssl_client_socket_impl.cc(947)] handshake failed; returned -1, SSL error code 1, net_error -101
[1026/210428.283:ERROR:ssl_client_socket_impl.cc(947)] handshake failed; returned -1, SSL error code 1, net_error -101
[1026/210428.329:ERROR:ssl_client_socket_impl.cc(947)] handshake failed; returned -1, SSL error code 1, net_error -101
[1026/210430.761:ERROR:ssl_client_socket_impl.cc(947)] handshake failed; returned -1, SSL error code 1, net_error -101
[1026/210436.813:ERROR:ssl_client_socket_impl.cc(947)] handshake failed; returned -1, SSL error code 1, net_error -101
[1026/210442.533:ERROR:ssl_client_socket_impl.cc(947)] handshake failed; returned -1, SSL error code 1, net_error -101
[1026/210442.595:ERROR:ssl_client_socket_impl.cc(947)] handshake failed; returned -1, SSL error code 1, net_error -101
[1026/210442.765:WARNING:ipc_message_attachment_set.cc(49)] MessageAttachmentSet destroyed with unconsumed attachments: 0/1
[1026/210453.481:ERROR:ssl_client_socket_impl.cc(947)] handshake failed; returned -1, SSL error code 1, net_error -101
[1026/210454.461:ERROR:ssl_client_socket_impl.cc(947)] handshake failed; returned -1, SSL error code 1, net_error -101
[1026/210454.475:ERROR:ssl_client_socket_impl.cc(947)] handshake failed; returned -1, SSL error code 1, net_error -101
[1026/210456.043:ERROR:ssl_client_socket_impl.cc(947)] handshake failed; returned -1, SSL error code 1, net_error -101
[1026/210512.700:ERROR:ssl_client_socket_impl.cc(947)] handshake failed; returned -1, SSL error code 1, net_error -101
[1026/210513.710:ERROR:ssl_client_socket_impl.cc(947)] handshake failed; returned -1, SSL error code 1, net_error -101
[1026/210513.724:ERROR:ssl_client_socket_impl.cc(947)] handshake failed; returned -1, SSL error code 1, net_error -101
[1026/210518.944:ERROR:gpu_init.cc(426)] Passthrough is not supported, GL is disabled
[1026/222725.546:WARNING:used_ids.h(55)] Duplicate id found. Reassigning from 104 to 127
[1026/222725.546:WARNING:used_ids.h(55)] Duplicate id found. Reassigning from 102 to 125
[1026/222725.546:WARNING:used_ids.h(55)] Duplicate id found. Reassigning from 104 to 124
[1026/222725.546:WARNING:used_ids.h(55)] Duplicate id found. Reassigning from 106 to 123
[1026/222725.546:WARNING:used_ids.h(55)] Duplicate id found. Reassigning from 110 to 122
[1026/222725.546:WARNING:used_ids.h(55)] Duplicate id found. Reassigning from 103 to 121
[1026/222725.546:WARNING:used_ids.h(55)] Duplicate id found. Reassigning from 105 to 120
[1026/222725.546:WARNING:used_ids.h(55)] Duplicate id found. Reassigning from 111 to 119
[1026/222725.546:WARNING:used_ids.h(55)] Duplicate id found. Reassigning from 1 to 14
[1026/222725.546:WARNING:used_ids.h(55)] Duplicate id found. Reassigning from 3 to 13
[1026/222725.546:WARNING:used_ids.h(55)] Duplicate id found. Reassigning from 5 to 12
[1026/222725.546:WARNING:used_ids.h(55)] Duplicate id found. Reassigning from 6 to 11
[1026/222725.546:ERROR:audio_rtp_receiver.cc(88)] AudioRtpReceiver::OnSetVolume: No audio channel exists.
[1026/222741.341:WARNING:used_ids.h(55)] Duplicate id found. Reassigning from 104 to 127
[1026/222741.341:WARNING:used_ids.h(55)] Duplicate id found. Reassigning from 102 to 125
[1026/222741.341:WARNING:used_ids.h(55)] Duplicate id found. Reassigning from 104 to 124
[1026/222741.341:WARNING:used_ids.h(55)] Duplicate id found. Reassigning from 106 to 123
[1026/222741.341:WARNING:used_ids.h(55)] Duplicate id found. Reassigning from 110 to 122
[1026/222741.341:WARNING:used_ids.h(55)] Duplicate id found. Reassigning from 103 to 121
[1026/222741.341:WARNING:used_ids.h(55)] Duplicate id found. Reassigning from 105 to 120
[1026/222741.341:WARNING:used_ids.h(55)] Duplicate id found. Reassigning from 111 to 119
[1026/222741.341:WARNING:used_ids.h(55)] Duplicate id found. Reassigning from 1 to 14
[1026/222741.341:WARNING:used_ids.h(55)] Duplicate id found. Reassigning from 3 to 13
[1026/222741.341:WARNING:used_ids.h(55)] Duplicate id found. Reassigning from 5 to 12
[1026/222741.341:WARNING:used_ids.h(55)] Duplicate id found. Reassigning from 6 to 11
[1026/222741.341:ERROR:audio_rtp_receiver.cc(88)] AudioRtpReceiver::OnSetVolume: No audio channel exists.
[1026/222748.460:ERROR:ssl_client_socket_impl.cc(947)] handshake failed; returned -1, SSL error code 1, net_error -101
[1026/222748.476:ERROR:ssl_client_socket_impl.cc(947)] handshake failed; returned -1, SSL error code 1, net_error -101
[1026/222758.246:ERROR:ssl_client_socket_impl.cc(947)] handshake failed; returned -1, SSL error code 1, net_error -101
[1026/222803.869:ERROR:ssl_client_socket_impl.cc(947)] handshake failed; returned -1, SSL error code 1, net_error -101
[1026/222803.915:ERROR:ssl_client_socket_impl.cc(947)] handshake failed; returned -1, SSL error code 1, net_error -101
[1026/222807.695:ERROR:ssl_client_socket_impl.cc(947)] handshake failed; returned -1, SSL error code 1, net_error -101
[1026/222807.710:ERROR:ssl_client_socket_impl.cc(947)] handshake failed; returned -1, SSL error code 1, net_error -101
[1026/222813.655:ERROR:ssl_client_socket_impl.cc(947)] handshake failed; returned -1, SSL error code 1, net_error -101
[1026/222817.467:ERROR:ssl_client_socket_impl.cc(947)] handshake failed; returned -1, SSL error code 1, net_error -101
[1026/222818.484:ERROR:ssl_client_socket_impl.cc(947)] handshake failed; returned -1, SSL error code 1, net_error -101
[1026/222823.098:ERROR:ssl_client_socket_impl.cc(947)] handshake failed; returned -1, SSL error code 1, net_error -101
[1026/222823.128:ERROR:ssl_client_socket_impl.cc(947)] handshake failed; returned -1, SSL error code 1, net_error -101
[1026/222823.623:ERROR:ssl_client_socket_impl.cc(947)] handshake failed; returned -1, SSL error code 1, net_error -101
[1026/222826.928:ERROR:ssl_client_socket_impl.cc(947)] handshake failed; returned -1, SSL error code 1, net_error -101
[1026/222826.959:ERROR:ssl_client_socket_impl.cc(947)] handshake failed; returned -1, SSL error code 1, net_error -101
[1026/222832.910:ERROR:ssl_client_socket_impl.cc(947)] handshake failed; returned -1, SSL error code 1, net_error -101
[1026/222836.685:ERROR:ssl_client_socket_impl.cc(947)] handshake failed; returned -1, SSL error code 1, net_error -101
[1026/222837.702:ERROR:ssl_client_socket_impl.cc(947)] handshake failed; returned -1, SSL error code 1, net_error -101
[1026/222842.329:ERROR:ssl_client_socket_impl.cc(947)] handshake failed; returned -1, SSL error code 1, net_error -101
[1026/222842.344:ERROR:ssl_client_socket_impl.cc(947)] handshake failed; returned -1, SSL error code 1, net_error -101
[1026/222842.344:ERROR:ssl_client_socket_impl.cc(947)] handshake failed; returned -1, SSL error code 1, net_error -101
[1026/222842.839:ERROR:ssl_client_socket_impl.cc(947)] handshake failed; returned -1, SSL error code 1, net_error -101
[1026/222846.178:ERROR:ssl_client_socket_impl.cc(947)] handshake failed; returned -1, SSL error code 1, net_error -101
[1026/222846.209:ERROR:ssl_client_socket_impl.cc(947)] handshake failed; returned -1, SSL error code 1, net_error -101
[1026/222852.136:ERROR:ssl_client_socket_impl.cc(947)] handshake failed; returned -1, SSL error code 1, net_error -101
[1026/222855.908:ERROR:ssl_client_socket_impl.cc(947)] handshake failed; returned -1, SSL error code 1, net_error -101
[1026/222901.556:ERROR:ssl_client_socket_impl.cc(947)] handshake failed; returned -1, SSL error code 1, net_error -101
[1026/222901.556:ERROR:ssl_client_socket_impl.cc(947)] handshake failed; returned -1, SSL error code 1, net_error -101
[1026/222901.572:ERROR:ssl_client_socket_impl.cc(947)] handshake failed; returned -1, SSL error code 1, net_error -101
[1026/222905.415:ERROR:ssl_client_socket_impl.cc(947)] handshake failed; returned -1, SSL error code 1, net_error -101
[1026/222905.431:ERROR:ssl_client_socket_impl.cc(947)] handshake failed; returned -1, SSL error code 1, net_error -101
[1026/222911.368:ERROR:ssl_client_socket_impl.cc(947)] handshake failed; returned -1, SSL error code 1, net_error -101
[1026/222915.147:ERROR:ssl_client_socket_impl.cc(947)] handshake failed; returned -1, SSL error code 1, net_error -101
[1026/222920.804:ERROR:ssl_client_socket_impl.cc(947)] handshake failed; returned -1, SSL error code 1, net_error -101
[1026/222924.645:ERROR:ssl_client_socket_impl.cc(947)] handshake failed; returned -1, SSL error code 1, net_error -101
[1026/222924.645:ERROR:ssl_client_socket_impl.cc(947)] handshake failed; returned -1, SSL error code 1, net_error -101
[1026/222934.355:ERROR:ssl_client_socket_impl.cc(947)] handshake failed; returned -1, SSL error code 1, net_error -101
[1026/222936.450:ERROR:ssl_client_socket_impl.cc(947)] handshake failed; returned -1, SSL error code 1, net_error -101
[1026/222940.051:ERROR:ssl_client_socket_impl.cc(947)] handshake failed; returned -1, SSL error code 1, net_error -101
[1026/222955.694:ERROR:ssl_client_socket_impl.cc(947)] handshake failed; returned -1, SSL error code 1, net_error -101
[1026/223047.238:ERROR:ssl_client_socket_impl.cc(947)] handshake failed; returned -1, SSL error code 1, net_error -101
[1026/223106.471:ERROR:ssl_client_socket_impl.cc(947)] handshake failed; returned -1, SSL error code 1, net_error -101
[1026/223106.580:ERROR:ssl_client_socket_impl.cc(947)] handshake failed; returned -1, SSL error code 1, net_error -101
[1026/223106.595:ERROR:ssl_client_socket_impl.cc(947)] handshake failed; returned -1, SSL error code 1, net_error -101
[1026/223116.264:ERROR:ssl_client_socket_impl.cc(947)] handshake failed; returned -1, SSL error code 1, net_error -101
[1026/223125.827:ERROR:ssl_client_socket_impl.cc(947)] handshake failed; returned -1, SSL error code 1, net_error -101
[1026/223125.827:ERROR:ssl_client_socket_impl.cc(947)] handshake failed; returned -1, SSL error code 1, net_error -101
[1026/223135.480:ERROR:ssl_client_socket_impl.cc(947)] handshake failed; returned -1, SSL error code 1, net_error -101
[1026/223138.931:ERROR:ssl_client_socket_impl.cc(947)] handshake failed; returned -1, SSL error code 1, net_error -101
[1026/223158.175:ERROR:ssl_client_socket_impl.cc(947)] handshake failed; returned -1, SSL error code 1, net_error -101
[1026/223356.944:ERROR:ssl_client_socket_impl.cc(947)] handshake failed; returned -1, SSL error code 1, net_error -101
[1026/223416.218:ERROR:ssl_client_socket_impl.cc(947)] handshake failed; returned -1, SSL error code 1, net_error -101
[1026/223438.149:ERROR:ssl_client_socket_impl.cc(947)] handshake failed; returned -1, SSL error code 1, net_error -101
[1026/223457.399:ERROR:ssl_client_socket_impl.cc(947)] handshake failed; returned -1, SSL error code 1, net_error -101
[1026/223748.359:ERROR:ssl_client_socket_impl.cc(947)] handshake failed; returned -1, SSL error code 1, net_error -101
[1026/223748.374:ERROR:ssl_client_socket_impl.cc(947)] handshake failed; returned -1, SSL error code 1, net_error -101
[1026/223807.624:ERROR:ssl_client_socket_impl.cc(947)] handshake failed; returned -1, SSL error code 1, net_error -101
[1026/223807.639:ERROR:ssl_client_socket_impl.cc(947)] handshake failed; returned -1, SSL error code 1, net_error -101
[1026/224317.376:ERROR:ssl_client_socket_impl.cc(947)] handshake failed; returned -1, SSL error code 1, net_error -101
[1026/224327.329:ERROR:ssl_client_socket_impl.cc(947)] handshake failed; returned -1, SSL error code 1, net_error -101
[1026/224336.615:ERROR:ssl_client_socket_impl.cc(947)] handshake failed; returned -1, SSL error code 1, net_error -101
[1026/224346.561:ERROR:ssl_client_socket_impl.cc(947)] handshake failed; returned -1, SSL error code 1, net_error -101
[1026/224748.932:ERROR:ssl_client_socket_impl.cc(947)] handshake failed; returned -1, SSL error code 1, net_error -101
[1026/224748.948:ERROR:ssl_client_socket_impl.cc(947)] handshake failed; returned -1, SSL error code 1, net_error -101
[1026/224808.191:ERROR:ssl_client_socket_impl.cc(947)] handshake failed; returned -1, SSL error code 1, net_error -101
[1026/224808.191:ERROR:ssl_client_socket_impl.cc(947)] handshake failed; returned -1, SSL error code 1, net_error -101
[1026/225320.637:ERROR:ssl_client_socket_impl.cc(947)] handshake failed; returned -1, SSL error code 1, net_error -101
[1026/225328.048:ERROR:ssl_client_socket_impl.cc(947)] handshake failed; returned -1, SSL error code 1, net_error -101
[1026/225339.890:ERROR:ssl_client_socket_impl.cc(947)] handshake failed; returned -1, SSL error code 1, net_error -101
[1026/225347.274:ERROR:ssl_client_socket_impl.cc(947)] handshake failed; returned -1, SSL error code 1, net_error -101
[1026/225748.297:ERROR:ssl_client_socket_impl.cc(947)] handshake failed; returned -1, SSL error code 1, net_error -101
[1026/225748.297:ERROR:ssl_client_socket_impl.cc(947)] handshake failed; returned -1, SSL error code 1, net_error -101
[1026/225807.565:ERROR:ssl_client_socket_impl.cc(947)] handshake failed; returned -1, SSL error code 1, net_error -101
[1026/225807.565:ERROR:ssl_client_socket_impl.cc(947)] handshake failed; returned -1, SSL error code 1, net_error -101
[1026/230309.752:ERROR:ssl_client_socket_impl.cc(947)] handshake failed; returned -1, SSL error code 1, net_error -101
[1026/230323.010:ERROR:ssl_client_socket_impl.cc(947)] handshake failed; returned -1, SSL error code 1, net_error -101
[1026/230329.010:ERROR:ssl_client_socket_impl.cc(947)] handshake failed; returned -1, SSL error code 1, net_error -101
[1026/230342.264:ERROR:ssl_client_socket_impl.cc(947)] handshake failed; returned -1, SSL error code 1, net_error -101
[1026/230748.357:ERROR:ssl_client_socket_impl.cc(947)] handshake failed; returned -1, SSL error code 1, net_error -101
[1026/230748.373:ERROR:ssl_client_socket_impl.cc(947)] handshake failed; returned -1, SSL error code 1, net_error -101
[1026/230807.596:ERROR:ssl_client_socket_impl.cc(947)] handshake failed; returned -1, SSL error code 1, net_error -101
[1026/230807.626:ERROR:ssl_client_socket_impl.cc(947)] handshake failed; returned -1, SSL error code 1, net_error -101
[1026/231322.700:ERROR:ssl_client_socket_impl.cc(947)] handshake failed; returned -1, SSL error code 1, net_error -101
[1026/231327.628:ERROR:ssl_client_socket_impl.cc(947)] handshake failed; returned -1, SSL error code 1, net_error -101
[1026/231341.957:ERROR:ssl_client_socket_impl.cc(947)] handshake failed; returned -1, SSL error code 1, net_error -101
[1026/231346.867:ERROR:ssl_client_socket_impl.cc(947)] handshake failed; returned -1, SSL error code 1, net_error -101
[1026/231748.851:ERROR:ssl_client_socket_impl.cc(947)] handshake failed; returned -1, SSL error code 1, net_error -101
[1026/231748.851:ERROR:ssl_client_socket_impl.cc(947)] handshake failed; returned -1, SSL error code 1, net_error -101
[1026/231808.087:ERROR:ssl_client_socket_impl.cc(947)] handshake failed; returned -1, SSL error code 1, net_error -101
[1026/231808.117:ERROR:ssl_client_socket_impl.cc(947)] handshake failed; returned -1, SSL error code 1, net_error -101
[1026/232312.266:ERROR:ssl_client_socket_impl.cc(947)] handshake failed; returned -1, SSL error code 1, net_error -101
[1026/232327.845:ERROR:ssl_client_socket_impl.cc(947)] handshake failed; returned -1, SSL error code 1, net_error -101
[1026/232331.504:ERROR:ssl_client_socket_impl.cc(947)] handshake failed; returned -1, SSL error code 1, net_error -101
[1026/232347.072:ERROR:ssl_client_socket_impl.cc(947)] handshake failed; returned -1, SSL error code 1, net_error -101
[1026/232748.900:ERROR:ssl_client_socket_impl.cc(947)] handshake failed; returned -1, SSL error code 1, net_error -101
[1026/232749.226:ERROR:ssl_client_socket_impl.cc(947)] handshake failed; returned -1, SSL error code 1, net_error -101
[1026/232808.142:ERROR:ssl_client_socket_impl.cc(947)] handshake failed; returned -1, SSL error code 1, net_error -101
[1026/232808.454:ERROR:ssl_client_socket_impl.cc(947)] handshake failed; returned -1, SSL error code 1, net_error -101
[1026/233320.971:ERROR:ssl_client_socket_impl.cc(947)] handshake failed; returned -1, SSL error code 1, net_error -101
[1026/233327.719:ERROR:ssl_client_socket_impl.cc(947)] handshake failed; returned -1, SSL error code 1, net_error -101
[1026/233340.201:ERROR:ssl_client_socket_impl.cc(947)] handshake failed; returned -1, SSL error code 1, net_error -101
[1026/233346.970:ERROR:ssl_client_socket_impl.cc(947)] handshake failed; returned -1, SSL error code 1, net_error -101
[1026/233748.954:ERROR:ssl_client_socket_impl.cc(947)] handshake failed; returned -1, SSL error code 1, net_error -101
[1026/233748.954:ERROR:ssl_client_socket_impl.cc(947)] handshake failed; returned -1, SSL error code 1, net_error -101
[1026/233808.221:ERROR:ssl_client_socket_impl.cc(947)] handshake failed; returned -1, SSL error code 1, net_error -101
[1026/233808.221:ERROR:ssl_client_socket_impl.cc(947)] handshake failed; returned -1, SSL error code 1, net_error -101
[1026/234327.514:ERROR:ssl_client_socket_impl.cc(947)] handshake failed; returned -1, SSL error code 1, net_error -101
[1026/234327.514:ERROR:ssl_client_socket_impl.cc(947)] handshake failed; returned -1, SSL error code 1, net_error -101
[1026/234346.758:ERROR:ssl_client_socket_impl.cc(947)] handshake failed; returned -1, SSL error code 1, net_error -101
[1026/234346.758:ERROR:ssl_client_socket_impl.cc(947)] handshake failed; returned -1, SSL error code 1, net_error -101
[1026/234748.632:ERROR:ssl_client_socket_impl.cc(947)] handshake failed; returned -1, SSL error code 1, net_error -101
[1026/234748.647:ERROR:ssl_client_socket_impl.cc(947)] handshake failed; returned -1, SSL error code 1, net_error -101
[1026/234807.867:ERROR:ssl_client_socket_impl.cc(947)] handshake failed; returned -1, SSL error code 1, net_error -101
[1026/234807.882:ERROR:ssl_client_socket_impl.cc(947)] handshake failed; returned -1, SSL error code 1, net_error -101
[1026/235323.153:ERROR:ssl_client_socket_impl.cc(947)] handshake failed; returned -1, SSL error code 1, net_error -101
[1026/235327.142:ERROR:ssl_client_socket_impl.cc(947)] handshake failed; returned -1, SSL error code 1, net_error -101
[1026/235342.403:ERROR:ssl_client_socket_impl.cc(947)] handshake failed; returned -1, SSL error code 1, net_error -101
[1026/235346.383:ERROR:ssl_client_socket_impl.cc(947)] handshake failed; returned -1, SSL error code 1, net_error -101
[1026/235748.366:ERROR:ssl_client_socket_impl.cc(947)] handshake failed; returned -1, SSL error code 1, net_error -101
[1026/235748.381:ERROR:ssl_client_socket_impl.cc(947)] handshake failed; returned -1, SSL error code 1, net_error -101
[1026/235807.597:ERROR:ssl_client_socket_impl.cc(947)] handshake failed; returned -1, SSL error code 1, net_error -101
[1026/235807.628:ERROR:ssl_client_socket_impl.cc(947)] handshake failed; returned -1, SSL error code 1, net_error -101
